Arguments: 
  C:\Program Files\nodejs\node.exe C:\Users\VGB13\AppData\Roaming\npm\node_modules\yarn\bin\yarn.js add -D @type/express

PATH: 
  C:\Python311\Scripts\;C:\Python311\;C:\Python310\Scripts\;C:\Python310\;C:\Windows\system32;C:\Windows;C:\Windows\System32\Wbem;C:\Windows\System32\WindowsPowerShell\v1.0\;C:\Windows\System32\OpenSSH\;C:\Program Files (x86)\Git\cmd;C:\ProgramData\chocolatey\bin;C:\Program Files\nodejs\;C:\Users\VGB13\AppData\Local\Microsoft\WindowsApps;C:\Users\VGB13\AppData\Local\Programs\Microsoft VS Code\bin;C:\Users\VGB13\AppData\Roaming\npm;C:\Program Files\PostgreSQL\15\bin;

Yarn version: 
  1.22.19

Node version: 
  18.13.0

Platform: 
  win32 x64

Trace: 
  Error: https://registry.yarnpkg.com/@type%2fexpress: Not found
      at params.callback [as _callback] (C:\Users\VGB13\AppData\Roaming\npm\node_modules\yarn\lib\cli.js:66145:18)
      at self.callback (C:\Users\VGB13\AppData\Roaming\npm\node_modules\yarn\lib\cli.js:140890:22)
      at Request.emit (node:events:513:28)
      at Request.<anonymous> (C:\Users\VGB13\AppData\Roaming\npm\node_modules\yarn\lib\cli.js:141862:10)
      at Request.emit (node:events:513:28)
      at IncomingMessage.<anonymous> (C:\Users\VGB13\AppData\Roaming\npm\node_modules\yarn\lib\cli.js:141784:12)
      at Object.onceWrapper (node:events:627:28)
      at IncomingMessage.emit (node:events:525:35)
      at endReadableNT (node:internal/streams/readable:1359:12)
      at process.processTicksAndRejections (node:internal/process/task_queues:82:21)

npm manifest: 
  {
    "name": "sprint_5",
    "version": "1.0.0",
    "description": "",
    "main": "index.js",
    "scripts": {
      "test": "jest"
    },
    "dependencies": {},
    "devDependencies": {
      "@jest/globals": "^29.4.3",
      "@types/jest": "^29.4.0",
      "@types/node": "^16.11.10",
      "@types/supertest": "^2.0.12",
      "jest": "^29.4.3",
      "sqlite3": "^5.1.4",
      "supertest": "^6.3.3",
      "ts-jest": "^29.0.5",
      "typescript": "4.5.2"
    },
    "repository": "git@github.com:Kenzie-Academy-Brasil-Developers/Kenzie-Academy-Brasil-Developers-m4-t14-movies-typerorm.git",
    "author": "Victor Guterres <Vgb1337@gmail.com>",
    "license": "MIT"
  }

yarn manifest: 
  No manifest

Lockfile: 
  No lockfile
